[2026-04-11 06:07:25.369 +00:00] [INF] [1] Emby.Server.Implementations.AppBase.BaseConfigurationManager: Setting cache path: "/cache"
[2026-04-11 06:07:25.531 +00:00] [INF] [5] Jellyfin.Server.ServerSetupApp.SetupServer: Kestrel is listening on "0.0.0.0"
[2026-04-11 06:07:25.560 +00:00] [INF] [5] Main: Jellyfin version: "10.11.8"
[2026-04-11 06:07:25.564 +00:00] [INF] [5] Main: Environment Variables: ["[JELLYFIN_LOG_DIR, /config/log]", "[JELLYFIN_CONFIG_DIR, /config/config]", "[JELLYFIN_CACHE_DIR, /cache]", "[JELLYFIN_FFMPEG, /usr/lib/jellyfin-ffmpeg/ffmpeg]", "[JELLYFIN_DATA_DIR, /config]", "[JELLYFIN_WEB_DIR, /jellyfin/jellyfin-web]"]
[2026-04-11 06:07:25.566 +00:00] [INF] [5] Main: Arguments: ["/jellyfin/jellyfin.dll"]
[2026-04-11 06:07:25.566 +00:00] [INF] [5] Main: Operating system: "Debian GNU/Linux 13 (trixie)"
[2026-04-11 06:07:25.566 +00:00] [INF] [5] Main: Architecture: X64
[2026-04-11 06:07:25.567 +00:00] [INF] [5] Main: 64-Bit Process: True
[2026-04-11 06:07:25.567 +00:00] [INF] [5] Main: User Interactive: True
[2026-04-11 06:07:25.567 +00:00] [INF] [5] Main: Processor count: 4
[2026-04-11 06:07:25.567 +00:00] [INF] [5] Main: Program data path: "/config"
[2026-04-11 06:07:25.568 +00:00] [INF] [5] Main: Log directory path: "/config/log"
[2026-04-11 06:07:25.568 +00:00] [INF] [5] Main: Config directory path: "/config/config"
[2026-04-11 06:07:25.568 +00:00] [INF] [5] Main: Cache path: "/cache"
[2026-04-11 06:07:25.569 +00:00] [INF] [5] Main: Temp directory path: "/tmp/jellyfin"
[2026-04-11 06:07:25.569 +00:00] [INF] [5] Main: Web resources path: "/jellyfin/jellyfin-web"
[2026-04-11 06:07:25.569 +00:00] [INF] [5] Main: Application directory: "/jellyfin/"
[2026-04-11 06:07:25.579 +00:00] [INF] [5] Jellyfin.Server.Startup: Storage path `"/config/data"` (Fixed) successfully checked with "32GiB" free which is over the minimum of "2GiB".
[2026-04-11 06:07:25.580 +00:00] [INF] [5] Jellyfin.Server.Startup: Storage path `"/cache"` (Fixed) successfully checked with "32GiB" free which is over the minimum of "2GiB".
[2026-04-11 06:07:25.580 +00:00] [INF] [5] Jellyfin.Server.Startup: Storage path `"/config"` (Fixed) successfully checked with "32GiB" free which is over the minimum of "2GiB".
[2026-04-11 06:07:25.610 +00:00] [INF] [5] Emby.Server.Implementations.AppBase.BaseConfigurationManager: Setting cache path: "/cache"
[2026-04-11 06:07:25.656 +00:00] [INF] [5] Jellyfin.Database.Providers.Sqlite.SqliteDatabaseProvider: SQLite connection string: "Data Source=/config/data/jellyfin.db;Cache=Default;Default Timeout=30;Pooling=True"
[2026-04-11 06:07:25.669 +00:00] [INF] [5] Jellyfin.Database.Providers.Sqlite.SqliteDatabaseProvider: SQLITE connection pragma command set to: 
"PRAGMA locking_mode=NORMAL;
PRAGMA journal_size_limit=134217728;
PRAGMA synchronous=1;
PRAGMA temp_store=2;
"
[2026-04-11 06:07:25.670 +00:00] [INF] [5] Jellyfin.Database.Implementations.Locking.NoLockBehavior: The database locking mode has been set to: NoLock.
[2026-04-11 06:07:25.696 +00:00] [INF] [5] Jellyfin.Server.Migrations.JellyfinMigrationService: Initialise Migration service.
[2026-04-11 06:07:25.697 +00:00] [INF] [5] Jellyfin.Server.Migrations.JellyfinMigrationService: System initialisation detected. Seed data.
[2026-04-11 06:07:26.687 +00:00] [INF] [5] Jellyfin.Server.Migrations.JellyfinMigrationService: Seed migration null-"CleanMusicArtist".
[2026-04-11 06:07:26.690 +00:00] [INF] [5] Jellyfin.Server.Migrations.JellyfinMigrationService: Seed migration ef103419-8451-40d8-9f34-d1a8e93a1679-"CreateUserLoggingConfigFile".
[2026-04-11 06:07:26.691 +00:00] [INF] [5] Jellyfin.Server.Migrations.JellyfinMigrationService: Seed migration 4124c2cd-e939-4ffb-9be9-9b311c413638-"DisableTranscodingThrottling".
[2026-04-11 06:07:26.692 +00:00] [INF] [5] Jellyfin.Server.Migrations.JellyfinMigrationService: Seed migration cf6fabc2-9fbe-4933-84a5-ffe52ef22a58-"FixAudioData".
[2026-04-11 06:07:26.693 +00:00] [INF] [5] Jellyfin.Server.Migrations.JellyfinMigrationService: Seed migration null-"FixDates".
[2026-04-11 06:07:26.693 +00:00] [INF] [5] Jellyfin.Server.Migrations.JellyfinMigrationService: Seed migration null-"FixLibrarySubtitleDownloadLanguages".
[2026-04-11 06:07:26.693 +00:00] [INF] [5] Jellyfin.Server.Migrations.JellyfinMigrationService: Seed migration 615dfa9e-2497-4dbb-a472-61938b752c5b-"FixPlaylistOwner".
[2026-04-11 06:07:26.693 +00:00] [INF] [5] Jellyfin.Server.Migrations.JellyfinMigrationService: Seed migration 3793eb59-bc8c-456c-8b9f-bd5a62a42978-"MigrateActivityLogDb".
[2026-04-11 06:07:26.694 +00:00] [INF] [5] Jellyfin.Server.Migrations.JellyfinMigrationService: Seed migration 5bd72f41-e6f3-4f60-90aa-09869abe0e22-"MigrateAuthenticationDb".
[2026-04-11 06:07:26.694 +00:00] [INF] [5] Jellyfin.Server.Migrations.JellyfinMigrationService: Seed migration 06387815-c3cc-421f-a888-fb5f9992bea8-"MigrateDisplayPreferencesDb".
[2026-04-11 06:07:26.694 +00:00] [INF] [5] Jellyfin.Server.Migrations.JellyfinMigrationService: Seed migration null-"MigrateKeyframeData".
[2026-04-11 06:07:26.695 +00:00] [INF] [5] Jellyfin.Server.Migrations.JellyfinMigrationService: Seed migration null-"MigrateLibraryDb".
[2026-04-11 06:07:26.695 +00:00] [INF] [5] Jellyfin.Server.Migrations.JellyfinMigrationService: Seed migration null-"MigrateLibraryDbCompatibilityCheck".
[2026-04-11 06:07:26.695 +00:00] [INF] [5] Jellyfin.Server.Migrations.JellyfinMigrationService: Seed migration null-"MigrateLibraryUserData".
[2026-04-11 06:07:26.696 +00:00] [INF] [5] Jellyfin.Server.Migrations.JellyfinMigrationService: Seed migration null-"MigrateRatingLevels".
[2026-04-11 06:07:26.696 +00:00] [INF] [5] Jellyfin.Server.Migrations.JellyfinMigrationService: Seed migration 5c4b82a2-f053-4009-bd05-b6fcad82f14c-"MigrateUserDb".
[2026-04-11 06:07:26.696 +00:00] [INF] [5] Jellyfin.Server.Migrations.JellyfinMigrationService: Seed migration null-"MoveExtractedFiles".
[2026-04-11 06:07:26.696 +00:00] [INF] [5] Jellyfin.Server.Migrations.JellyfinMigrationService: Seed migration null-"RefreshInternalDateModified".
[2026-04-11 06:07:26.697 +00:00] [INF] [5] Jellyfin.Server.Migrations.JellyfinMigrationService: Seed migration a81f75e0-8f43-416f-a5e8-516ccab4d8cc-"RemoveDownloadImagesInAdvance".
[2026-04-11 06:07:26.697 +00:00] [INF] [5] Jellyfin.Server.Migrations.JellyfinMigrationService: Seed migration acbe17b7-8435-4a83-8b64-6fcf162cb9bd-"RemoveDuplicateExtras".
[2026-04-11 06:07:26.697 +00:00] [INF] [5] Jellyfin.Server.Migrations.JellyfinMigrationService: Seed migration 96c156a2-7a13-4b3b-a8b8-fb80c94d20c0-"RemoveDuplicatePlaylistChildren".
[2026-04-11 06:07:26.698 +00:00] [INF] [5] Jellyfin.Server.Migrations.JellyfinMigrationService: Seed migration null-"ReseedFolderFlag".
[2026-04-11 06:07:26.698 +00:00] [INF] [5] Jellyfin.Server.Migrations.JellyfinMigrationService: Seed migration 9b354818-94d5-4b68-ac49-e35cb85f9d84-"CreateNetworkConfiguration".
[2026-04-11 06:07:26.698 +00:00] [INF] [5] Jellyfin.Server.Migrations.JellyfinMigrationService: Seed migration a8e61960-7726-4450-8f3d-82c12daabbcb-"MigrateEncodingOptions".
[2026-04-11 06:07:26.699 +00:00] [INF] [5] Jellyfin.Server.Migrations.JellyfinMigrationService: Seed migration a6dcacf4-c057-4ef9-80d3-61cef9ddb4f0-"MigrateMusicBrainzTimeout".
[2026-04-11 06:07:26.699 +00:00] [INF] [5] Jellyfin.Server.Migrations.JellyfinMigrationService: Seed migration 4fb5c950-1991-11ee-9b4b-0800200c9a66-"MigrateNetworkConfiguration".
[2026-04-11 06:07:26.699 +00:00] [INF] [5] Jellyfin.Server.Migrations.JellyfinMigrationService: Seed migration e73b777d-cd5c-4e71-957a-b86b3660b7cf-"RenameEnableGroupingIntoCollections".
[2026-04-11 06:07:26.704 +00:00] [INF] [5] Jellyfin.Server.Migrations.JellyfinMigrationService: Migration system initialisation completed.
[2026-04-11 06:07:26.709 +00:00] [INF] [5] Jellyfin.Server.Migrations.JellyfinMigrationService: There are 0 migrations for stage PreInitialisation.
[2026-04-11 06:07:26.713 +00:00] [INF] [5] Emby.Server.Implementations.AppBase.BaseConfigurationManager: Setting cache path: "/cache"
[2026-04-11 06:07:26.719 +00:00] [INF] [5] Emby.Server.Implementations.ApplicationHost: Loading assemblies
[2026-04-11 06:07:26.743 +00:00] [INF] [5] Jellyfin.Networking.Manager.NetworkManager: Defined LAN subnets: ["127.0.0.1/8", "10.0.0.0/8", "172.16.0.0/12", "192.168.0.0/16"]
[2026-04-11 06:07:26.743 +00:00] [INF] [5] Jellyfin.Networking.Manager.NetworkManager: Defined LAN exclusions: []
[2026-04-11 06:07:26.744 +00:00] [INF] [5] Jellyfin.Networking.Manager.NetworkManager: Used LAN subnets: ["127.0.0.1/8", "10.0.0.0/8", "172.16.0.0/12", "192.168.0.0/16"]
[2026-04-11 06:07:26.746 +00:00] [INF] [5] Jellyfin.Networking.Manager.NetworkManager: Filtered interface addresses: ["127.0.0.1", "172.17.0.2"]
[2026-04-11 06:07:26.746 +00:00] [INF] [5] Jellyfin.Networking.Manager.NetworkManager: Bind Addresses ["0.0.0.0"]
[2026-04-11 06:07:26.747 +00:00] [INF] [5] Jellyfin.Networking.Manager.NetworkManager: Remote IP filter is "Allowlist"
[2026-04-11 06:07:26.747 +00:00] [INF] [5] Jellyfin.Networking.Manager.NetworkManager: Filtered subnets: []
[2026-04-11 06:07:26.824 +00:00] [INF] [5] Jellyfin.Database.Providers.Sqlite.SqliteDatabaseProvider: SQLite connection string: "Data Source=/config/data/jellyfin.db;Cache=Default;Default Timeout=30;Pooling=True"
[2026-04-11 06:07:26.825 +00:00] [INF] [5] Jellyfin.Database.Providers.Sqlite.SqliteDatabaseProvider: SQLITE connection pragma command set to: 
"PRAGMA locking_mode=NORMAL;
PRAGMA journal_size_limit=134217728;
PRAGMA synchronous=1;
PRAGMA temp_store=2;
"
[2026-04-11 06:07:26.825 +00:00] [INF] [5] Jellyfin.Database.Implementations.Locking.NoLockBehavior: The database locking mode has been set to: NoLock.
[2026-04-11 06:07:26.829 +00:00] [INF] [5] Main: Prepare system for possible migrations
[2026-04-11 06:07:26.857 +00:00] [INF] [5] Main: A migration will attempt to modify the jellyfin.db, will attempt to backup the file now.
[2026-04-11 06:07:26.858 +00:00] [INF] [5] Main: Jellyfin database has been backed up as "20260411060726"
[2026-04-11 06:07:26.861 +00:00] [INF] [5] Jellyfin.Server.Migrations.JellyfinMigrationService: There are 0 migrations for stage CoreInitialisation.
[2026-04-11 06:07:26.863 +00:00] [INF] [5] InternalDatabaseMigration: Perform migration "20200514181226_AddActivityLog"
[2026-04-11 06:07:26.901 +00:00] [INF] [5] InternalDatabaseMigration: Migration "20200514181226_AddActivityLog" was successfully applied
[2026-04-11 06:07:26.901 +00:00] [INF] [5] InternalDatabaseMigration: Perform migration "20200613202153_AddUsers"
[2026-04-11 06:07:26.927 +00:00] [INF] [5] InternalDatabaseMigration: Migration "20200613202153_AddUsers" was successfully applied
[2026-04-11 06:07:26.927 +00:00] [INF] [5] InternalDatabaseMigration: Perform migration "20200728005145_AddDisplayPreferences"
[2026-04-11 06:07:26.943 +00:00] [INF] [5] InternalDatabaseMigration: Migration "20200728005145_AddDisplayPreferences" was successfully applied
[2026-04-11 06:07:26.944 +00:00] [INF] [5] InternalDatabaseMigration: Perform migration "20200905220533_FixDisplayPreferencesIndex"
[2026-04-11 06:07:26.952 +00:00] [INF] [5] InternalDatabaseMigration: Migration "20200905220533_FixDisplayPreferencesIndex" was successfully applied
[2026-04-11 06:07:26.952 +00:00] [INF] [5] InternalDatabaseMigration: Perform migration "20201004171403_AddMaxActiveSessions"
[2026-04-11 06:07:26.968 +00:00] [INF] [5] InternalDatabaseMigration: Migration "20201004171403_AddMaxActiveSessions" was successfully applied
[2026-04-11 06:07:26.968 +00:00] [INF] [5] InternalDatabaseMigration: Perform migration "20201204223655_AddCustomDisplayPreferences"
[2026-04-11 06:07:26.987 +00:00] [INF] [5] InternalDatabaseMigration: Migration "20201204223655_AddCustomDisplayPreferences" was successfully applied
[2026-04-11 06:07:26.987 +00:00] [INF] [5] InternalDatabaseMigration: Perform migration "20210320181425_AddIndexesAndCollations"
[2026-04-11 06:07:27.003 +00:00] [WRN] [5] Microsoft.EntityFrameworkCore.Migrations: An operation of type '"SqlOperation"' will be attempted while a rebuild of table '"ImageInfos"' is pending. The database may not be in an expected state. Review the SQL generated by this migration to help diagnose any failures. Consider moving these operations to a subsequent migration.
[2026-04-11 06:07:27.004 +00:00] [WRN] [5] Microsoft.EntityFrameworkCore.Migrations: An operation of type '"SqlOperation"' will be attempted while a rebuild of table '"ImageInfos"' is pending. The database may not be in an expected state. Review the SQL generated by this migration to help diagnose any failures. Consider moving these operations to a subsequent migration.
[2026-04-11 06:07:27.005 +00:00] [WRN] [5] Microsoft.EntityFrameworkCore.Migrations: An operation of type '"SqlOperation"' will be attempted while a rebuild of table '"Permissions"' is pending. The database may not be in an expected state. Review the SQL generated by this migration to help diagnose any failures. Consider moving these operations to a subsequent migration.
[2026-04-11 06:07:27.005 +00:00] [WRN] [5] Microsoft.EntityFrameworkCore.Migrations: An operation of type '"SqlOperation"' will be attempted while a rebuild of table '"Permissions"' is pending. The database may not be in an expected state. Review the SQL generated by this migration to help diagnose any failures. Consider moving these operations to a subsequent migration.
[2026-04-11 06:07:27.006 +00:00] [WRN] [5] Microsoft.EntityFrameworkCore.Migrations: An operation of type '"SqlOperation"' will be attempted while a rebuild of table '"Preferences"' is pending. The database may not be in an expected state. Review the SQL generated by this migration to help diagnose any failures. Consider moving these operations to a subsequent migration.
[2026-04-11 06:07:27.006 +00:00] [WRN] [5] Microsoft.EntityFrameworkCore.Migrations: An operation of type '"SqlOperation"' will be attempted while a rebuild of table '"Preferences"' is pending. The database may not be in an expected state. Review the SQL generated by this migration to help diagnose any failures. Consider moving these operations to a subsequent migration.
[2026-04-11 06:07:27.007 +00:00] [WRN] [5] Microsoft.EntityFrameworkCore.Migrations: An operation of type '"SqlOperation"' will be attempted while a rebuild of table '"Users"' is pending. The database may not be in an expected state. Review the SQL generated by this migration to help diagnose any failures. Consider moving these operations to a subsequent migration.
[2026-04-11 06:07:27.007 +00:00] [WRN] [5] Microsoft.EntityFrameworkCore.Migrations: An operation of type '"SqlOperation"' will be attempted while a rebuild of table '"Users"' is pending. The database may not be in an expected state. Review the SQL generated by this migration to help diagnose any failures. Consider moving these operations to a subsequent migration.
[2026-04-11 06:07:27.015 +00:00] [INF] [5] InternalDatabaseMigration: Migration "20210320181425_AddIndexesAndCollations" was successfully applied
[2026-04-11 06:07:27.016 +00:00] [INF] [5] InternalDatabaseMigration: Perform migration "20210407110544_NullableCustomPrefValue"
[2026-04-11 06:07:27.027 +00:00] [INF] [5] InternalDatabaseMigration: Migration "20210407110544_NullableCustomPrefValue" was successfully applied
[2026-04-11 06:07:27.027 +00:00] [INF] [5] InternalDatabaseMigration: Perform migration "20210814002109_AddDevices"
[2026-04-11 06:07:27.041 +00:00] [INF] [5] InternalDatabaseMigration: Migration "20210814002109_AddDevices" was successfully applied
[2026-04-11 06:07:27.041 +00:00] [INF] [5] InternalDatabaseMigration: Perform migration "20221022080052_AddIndexActivityLogsDateCreated"
[2026-04-11 06:07:27.066 +00:00] [INF] [5] InternalDatabaseMigration: Migration "20221022080052_AddIndexActivityLogsDateCreated" was successfully applied
[2026-04-11 06:07:27.067 +00:00] [INF] [5] InternalDatabaseMigration: Perform migration "20230526173516_RemoveEasyPassword"
[2026-04-11 06:07:27.083 +00:00] [INF] [5] InternalDatabaseMigration: Migration "20230526173516_RemoveEasyPassword" was successfully applied
[2026-04-11 06:07:27.084 +00:00] [INF] [5] InternalDatabaseMigration: Perform migration "20230626233818_AddTrickplayInfos"
[2026-04-11 06:07:27.096 +00:00] [INF] [5] InternalDatabaseMigration: Migration "20230626233818_AddTrickplayInfos" was successfully applied
[2026-04-11 06:07:27.096 +00:00] [INF] [5] InternalDatabaseMigration: Perform migration "20230923170422_UserCastReceiver"
[2026-04-11 06:07:27.106 +00:00] [INF] [5] InternalDatabaseMigration: Migration "20230923170422_UserCastReceiver" was successfully applied
[2026-04-11 06:07:27.107 +00:00] [INF] [5] InternalDatabaseMigration: Perform migration "20240729140605_AddMediaSegments"
[2026-04-11 06:07:27.118 +00:00] [INF] [5] InternalDatabaseMigration: Migration "20240729140605_AddMediaSegments" was successfully applied
[2026-04-11 06:07:27.118 +00:00] [INF] [5] InternalDatabaseMigration: Perform migration "20240928082930_MarkSegmentProviderIdNonNullable"
[2026-04-11 06:07:27.133 +00:00] [INF] [5] InternalDatabaseMigration: Migration "20240928082930_MarkSegmentProviderIdNonNullable" was successfully applied
[2026-04-11 06:07:27.133 +00:00] [INF] [5] InternalDatabaseMigration: Perform migration "20241020103111_LibraryDbMigration"
[2026-04-11 06:07:27.172 +00:00] [INF] [5] InternalDatabaseMigration: Migration "20241020103111_LibraryDbMigration" was successfully applied
[2026-04-11 06:07:27.172 +00:00] [INF] [5] InternalDatabaseMigration: Perform migration "20241111131257_AddedCustomDataKey"
[2026-04-11 06:07:27.189 +00:00] [INF] [5] InternalDatabaseMigration: Migration "20241111131257_AddedCustomDataKey" was successfully applied
[2026-04-11 06:07:27.190 +00:00] [INF] [5] InternalDatabaseMigration: Perform migration "20241111135439_AddedCustomDataKeyKey"
[2026-04-11 06:07:27.224 +00:00] [INF] [5] InternalDatabaseMigration: Migration "20241111135439_AddedCustomDataKeyKey" was successfully applied
[2026-04-11 06:07:27.225 +00:00] [INF] [5] InternalDatabaseMigration: Perform migration "20241112152323_FixAncestorIdConfig"
[2026-04-11 06:07:27.257 +00:00] [INF] [5] InternalDatabaseMigration: Migration "20241112152323_FixAncestorIdConfig" was successfully applied
[2026-04-11 06:07:27.258 +00:00] [INF] [5] InternalDatabaseMigration: Perform migration "20241112232041_FixMediaStreams"
[2026-04-11 06:07:27.300 +00:00] [INF] [5] InternalDatabaseMigration: Migration "20241112232041_FixMediaStreams" was successfully applied
[2026-04-11 06:07:27.301 +00:00] [INF] [5] InternalDatabaseMigration: Perform migration "20241112234144_FixMediaStreams2"
[2026-04-11 06:07:27.334 +00:00] [INF] [5] InternalDatabaseMigration: Migration "20241112234144_FixMediaStreams2" was successfully applied
[2026-04-11 06:07:27.334 +00:00] [INF] [5] InternalDatabaseMigration: Perform migration "20241113133548_EnforceUniqueItemValue"
[2026-04-11 06:07:27.360 +00:00] [INF] [5] InternalDatabaseMigration: Migration "20241113133548_EnforceUniqueItemValue" was successfully applied
[2026-04-11 06:07:27.360 +00:00] [INF] [5] InternalDatabaseMigration: Perform migration "20250202021306_FixedCollation"
[2026-04-11 06:07:27.394 +00:00] [INF] [5] InternalDatabaseMigration: Migration "20250202021306_FixedCollation" was successfully applied
[2026-04-11 06:07:27.394 +00:00] [INF] [5] InternalDatabaseMigration: Perform migration "20250204092455_MakeStartEndDateNullable"
[2026-04-11 06:07:27.431 +00:00] [INF] [5] InternalDatabaseMigration: Migration "20250204092455_MakeStartEndDateNullable" was successfully applied
[2026-04-11 06:07:27.431 +00:00] [INF] [5] InternalDatabaseMigration: Perform migration "20250214031148_ChannelIdGuid"
[2026-04-11 06:07:27.451 +00:00] [INF] [5] InternalDatabaseMigration: Migration "20250214031148_ChannelIdGuid" was successfully applied
[2026-04-11 06:07:27.451 +00:00] [INF] [5] InternalDatabaseMigration: Perform migration "20250326065026_AddInheritedParentalRatingSubValue"
[2026-04-11 06:07:27.472 +00:00] [INF] [5] InternalDatabaseMigration: Migration "20250326065026_AddInheritedParentalRatingSubValue" was successfully applied
[2026-04-11 06:07:27.473 +00:00] [INF] [5] InternalDatabaseMigration: Perform migration "20250327101120_AddKeyframeData"
[2026-04-11 06:07:27.491 +00:00] [INF] [5] InternalDatabaseMigration: Migration "20250327101120_AddKeyframeData" was successfully applied
[2026-04-11 06:07:27.491 +00:00] [INF] [5] InternalDatabaseMigration: Perform migration "20250327171413_AddHdr10PlusFlag"
[2026-04-11 06:07:27.512 +00:00] [INF] [5] InternalDatabaseMigration: Migration "20250327171413_AddHdr10PlusFlag" was successfully applied
[2026-04-11 06:07:27.512 +00:00] [INF] [5] InternalDatabaseMigration: Perform migration "20250331182844_FixAttachmentMigration"
[2026-04-11 06:07:27.544 +00:00] [INF] [5] InternalDatabaseMigration: Migration "20250331182844_FixAttachmentMigration" was successfully applied
[2026-04-11 06:07:27.545 +00:00] [INF] [5] InternalDatabaseMigration: Perform migration "20250401142247_FixAncestors"
[2026-04-11 06:07:27.561 +00:00] [INF] [5] InternalDatabaseMigration: Migration "20250401142247_FixAncestors" was successfully applied
[2026-04-11 06:07:27.561 +00:00] [INF] [5] InternalDatabaseMigration: Perform migration "20250405075612_FixItemValuesIndices"
[2026-04-11 06:07:27.579 +00:00] [INF] [5] InternalDatabaseMigration: Migration "20250405075612_FixItemValuesIndices" was successfully applied
[2026-04-11 06:07:27.579 +00:00] [INF] [5] InternalDatabaseMigration: Perform migration "20250609115616_DetachUserDataInsteadOfDelete"
[2026-04-11 06:07:27.615 +00:00] [INF] [5] InternalDatabaseMigration: Migration "20250609115616_DetachUserDataInsteadOfDelete" was successfully applied
[2026-04-11 06:07:27.616 +00:00] [INF] [5] InternalDatabaseMigration: Perform migration "20250622170802_BaseItemImageInfoDateModifiedNullable"
[2026-04-11 06:07:27.647 +00:00] [INF] [5] InternalDatabaseMigration: Migration "20250622170802_BaseItemImageInfoDateModifiedNullable" was successfully applied
[2026-04-11 06:07:27.647 +00:00] [INF] [5] InternalDatabaseMigration: Perform migration "20250714044826_ResetJournalMode"
[2026-04-11 06:07:27.664 +00:00] [INF] [5] InternalDatabaseMigration: Migration "20250714044826_ResetJournalMode" was successfully applied
[2026-04-11 06:07:27.664 +00:00] [INF] [5] InternalDatabaseMigration: Perform migration "20250913211637_AddProperParentChildRelationBaseItemWithCascade"
[2026-04-11 06:07:27.701 +00:00] [INF] [5] InternalDatabaseMigration: Migration "20250913211637_AddProperParentChildRelationBaseItemWithCascade" was successfully applied
[2026-04-11 06:07:27.701 +00:00] [INF] [5] InternalDatabaseMigration: Perform migration "20250925203415_ExtendPeopleMapKey"
[2026-04-11 06:07:27.733 +00:00] [INF] [5] InternalDatabaseMigration: Migration "20250925203415_ExtendPeopleMapKey" was successfully applied
[2026-04-11 06:07:28.035 +00:00] [INF] [5] Emby.Server.Implementations.AppBase.BaseConfigurationManager: Saving system configuration
[2026-04-11 06:07:28.037 +00:00] [INF] [5] Emby.Server.Implementations.AppBase.BaseConfigurationManager: Setting cache path: "/cache"
[2026-04-11 06:07:28.040 +00:00] [INF] [5] Emby.Server.Implementations.Plugins.PluginManager: Loaded plugin: "TMDb" "10.11.8.0"
[2026-04-11 06:07:28.041 +00:00] [INF] [5] Emby.Server.Implementations.Plugins.PluginManager: Loaded plugin: "Studio Images" "10.11.8.0"
[2026-04-11 06:07:28.042 +00:00] [INF] [5] Emby.Server.Implementations.Plugins.PluginManager: Loaded plugin: "OMDb" "10.11.8.0"
[2026-04-11 06:07:28.049 +00:00] [INF] [5] Emby.Server.Implementations.Plugins.PluginManager: Loaded plugin: "MusicBrainz" "10.11.8.0"
[2026-04-11 06:07:28.050 +00:00] [INF] [5] Emby.Server.Implementations.Plugins.PluginManager: Loaded plugin: "AudioDB" "10.11.8.0"
[2026-04-11 06:07:28.077 +00:00] [INF] [5] Jellyfin.Server.Migrations.JellyfinMigrationService: There are 5 migrations for stage AppInitialisation.
[2026-04-11 06:07:28.078 +00:00] [INF] [5] InternalCodeMigration: Perform migration "20250420090000_AddDefaultPluginRepository"
[2026-04-11 06:07:28.079 +00:00] [INF] [5] Emby.Server.Implementations.AppBase.BaseConfigurationManager: Saving system configuration
[2026-04-11 06:07:28.080 +00:00] [INF] [5] Emby.Server.Implementations.AppBase.BaseConfigurationManager: Setting cache path: "/cache"
[2026-04-11 06:07:28.081 +00:00] [INF] [5] InternalCodeMigration: Migration "20250420090000_AddDefaultPluginRepository" was successfully applied
[2026-04-11 06:07:28.081 +00:00] [INF] [5] InternalCodeMigration: Perform migration "20250420110000_ReaddDefaultPluginRepository"
[2026-04-11 06:07:28.090 +00:00] [INF] [5] InternalCodeMigration: Migration "20250420110000_ReaddDefaultPluginRepository" was successfully applied
[2026-04-11 06:07:28.090 +00:00] [INF] [5] InternalCodeMigration: Perform migration "20250420160000_AddDefaultCastReceivers"
[2026-04-11 06:07:28.090 +00:00] [INF] [5] Emby.Server.Implementations.AppBase.BaseConfigurationManager: Saving system configuration
[2026-04-11 06:07:28.092 +00:00] [INF] [5] Emby.Server.Implementations.AppBase.BaseConfigurationManager: Setting cache path: "/cache"
[2026-04-11 06:07:28.092 +00:00] [INF] [5] InternalCodeMigration: Migration "20250420160000_AddDefaultCastReceivers" was successfully applied
[2026-04-11 06:07:28.092 +00:00] [INF] [5] InternalCodeMigration: Perform migration "20250420170000_UpdateDefaultPluginRepository"
[2026-04-11 06:07:28.093 +00:00] [INF] [5] Emby.Server.Implementations.AppBase.BaseConfigurationManager: Saving system configuration
[2026-04-11 06:07:28.094 +00:00] [INF] [5] Emby.Server.Implementations.AppBase.BaseConfigurationManager: Setting cache path: "/cache"
[2026-04-11 06:07:28.094 +00:00] [INF] [5] InternalCodeMigration: Migration "20250420170000_UpdateDefaultPluginRepository" was successfully applied
[2026-04-11 06:07:28.094 +00:00] [INF] [5] InternalCodeMigration: Perform migration "20250420230000_MoveTrickplayFiles"
[2026-04-11 06:07:28.275 +00:00] [INF] [5] Jellyfin.Server.Migrations.Routines.MoveTrickplayFiles: Checked: 5000 - Moved: 0 - Time: 00:00:00.1791489
[2026-04-11 06:07:28.276 +00:00] [INF] [5] Jellyfin.Server.Migrations.Routines.MoveTrickplayFiles: Moved 0 items in 00:00:00.1806418
[2026-04-11 06:07:28.277 +00:00] [INF] [5] InternalCodeMigration: Migration "20250420230000_MoveTrickplayFiles" was successfully applied
[2026-04-11 06:07:28.278 +00:00] [INF] [5] Main: Attempt to cleanup JellyfinDb backup.
[2026-04-11 06:07:28.311 +00:00] [INF] [5] Main: Kestrel is listening on "0.0.0.0"
[2026-04-11 06:07:28.332 +00:00] [WRN] [11] Microsoft.AspNetCore.DataProtection.KeyManagement.XmlKeyManager: No XML encryptor configured. Key {692bbe5b-6ff5-47bc-899c-716a8591bb8f} may be persisted to storage in unencrypted form.
[2026-04-11 06:07:28.759 +00:00] [WRN] [5] Microsoft.AspNetCore.StaticFiles.StaticFileMiddleware: The WebRootPath was not found: "/wwwroot". Static files may be unavailable.
[2026-04-11 06:07:29.172 +00:00] [INF] [5] Emby.Server.Implementations.ApplicationHost: Running startup tasks
[2026-04-11 06:07:29.182 +00:00] [INF] [5] Emby.Server.Implementations.ScheduledTasks.TaskManager: Daily trigger for "Generate Trickplay Images" set to fire at 2026-04-12 03:00:00.000 +00:00, which is 20:52:30.8172641 from now.
[2026-04-11 06:07:29.185 +00:00] [INF] [5] Emby.Server.Implementations.ScheduledTasks.TaskManager: Daily trigger for "Extract Chapter Images" set to fire at 2026-04-12 02:00:00.000 +00:00, which is 19:52:30.8144547 from now.
[2026-04-11 06:07:29.225 +00:00] [INF] [5] MediaBrowser.MediaEncoding.Encoder.MediaEncoder: Found ffmpeg version "7.1.3"
[2026-04-11 06:07:29.290 +00:00] [INF] [5] MediaBrowser.MediaEncoding.Encoder.MediaEncoder: Available "decoders": ["libdav1d", "av1", "av1_cuvid", "av1_qsv", "h264", "h264_qsv", "h264_cuvid", "hevc", "hevc_qsv", "hevc_cuvid", "mpeg2video", "mpeg2_qsv", "mpeg2_cuvid", "mpeg4", "mpeg4_cuvid", "msmpeg4", "vc1_qsv", "vc1_cuvid", "vp8", "libvpx", "vp8_cuvid", "vp8_qsv", "vp9", "libvpx-vp9", "vp9_cuvid", "vp9_qsv", "aac", "ac3", "ac4", "dca", "flac", "mp3", "truehd"]
[2026-04-11 06:07:29.323 +00:00] [INF] [5] MediaBrowser.MediaEncoding.Encoder.MediaEncoder: Available "encoders": ["libsvtav1", "av1_nvenc", "av1_qsv", "av1_amf", "av1_vaapi", "libx264", "h264_amf", "h264_nvenc", "h264_qsv", "h264_v4l2m2m", "h264_vaapi", "libx265", "hevc_amf", "hevc_nvenc", "hevc_qsv", "hevc_vaapi", "mjpeg_qsv", "mjpeg_vaapi", "aac", "libfdk_aac", "ac3", "alac", "dca", "flac", "libmp3lame", "libopus", "truehd", "libvorbis", "srt"]
[2026-04-11 06:07:29.342 +00:00] [INF] [5] MediaBrowser.MediaEncoding.Encoder.MediaEncoder: Available filters: ["bwdif_cuda", "bwdif_opencl", "deinterlace_qsv", "deinterlace_vaapi", "flip_vulkan", "hwupload_cuda", "hwupload_vaapi", "libplacebo", "overlay_opencl", "overlay_qsv", "overlay_vaapi", "overlay_vulkan", "overlay_cuda", "procamp_vaapi", "scale_cuda", "scale_opencl", "scale_qsv", "scale_vaapi", "scale_vulkan", "tonemapx", "tonemap_cuda", "tonemap_opencl", "tonemap_vaapi", "transpose_cuda", "transpose_opencl", "transpose_vaapi", "transpose_vulkan", "vpp_qsv", "yadif_cuda", "yadif_opencl", "zscale", "alphasrc"]
[2026-04-11 06:07:29.583 +00:00] [INF] [5] MediaBrowser.MediaEncoding.Encoder.MediaEncoder: Available hwaccel types: ["cuda", "vaapi", "qsv", "drm", "opencl", "vulkan"]
[2026-04-11 06:07:32.202 +00:00] [INF] [11] Emby.Server.Implementations.ScheduledTasks.TaskManager: "Clean Transcode Directory" Completed after 0 minute(s) and 0 seconds
[2026-04-11 06:07:32.202 +00:00] [INF] [16] Emby.Server.Implementations.ScheduledTasks.TaskManager: "Clean up collections and playlists" Completed after 0 minute(s) and 0 seconds
[2026-04-11 06:07:34.197 +00:00] [INF] [13] Emby.Server.Implementations.ScheduledTasks.TaskManager: "Update Plugins" Completed after 0 minute(s) and 2 seconds
[2026-04-11 06:08:17.355 +00:00] [INF] [5] MediaBrowser.MediaEncoding.Encoder.MediaEncoder: FFmpeg: "/usr/lib/jellyfin-ffmpeg/ffmpeg"
[2026-04-11 06:08:17.362 +00:00] [INF] [5] Emby.Server.Implementations.ApplicationHost: ServerId: "f8bd829df7e34afbb679e8e8c3ea636b"
[2026-04-11 06:08:17.363 +00:00] [INF] [5] Emby.Server.Implementations.ApplicationHost: Core startup complete
[2026-04-11 06:08:17.363 +00:00] [INF] [5] Main: Startup complete 0:00:52.4112871
[2026-04-11 06:18:07.739 +00:00] [INF] [41] Emby.Server.Implementations.AppBase.BaseConfigurationManager: Saving system configuration
[2026-04-11 06:18:07.744 +00:00] [INF] [41] Emby.Server.Implementations.AppBase.BaseConfigurationManager: Setting cache path: "/cache"
[2026-04-11 06:18:07.842 +00:00] [WRN] [38] Jellyfin.Server.Implementations.Users.UserManager: No users, creating one with username "root"
[2026-04-11 06:19:17.014 +00:00] [INF] [33] Emby.Server.Implementations.AppBase.BaseConfigurationManager: Saving system configuration
[2026-04-11 06:19:17.017 +00:00] [INF] [33] Emby.Server.Implementations.AppBase.BaseConfigurationManager: Setting cache path: "/cache"
[2026-04-11 06:19:24.544 +00:00] [INF] [33] Jellyfin.Networking.Manager.NetworkManager: Defined LAN subnets: ["127.0.0.1/8", "10.0.0.0/8", "172.16.0.0/12", "192.168.0.0/16"]
[2026-04-11 06:19:24.544 +00:00] [INF] [33] Jellyfin.Networking.Manager.NetworkManager: Defined LAN exclusions: []
[2026-04-11 06:19:24.544 +00:00] [INF] [33] Jellyfin.Networking.Manager.NetworkManager: Used LAN subnets: ["127.0.0.1/8", "10.0.0.0/8", "172.16.0.0/12", "192.168.0.0/16"]
[2026-04-11 06:19:24.546 +00:00] [INF] [33] Jellyfin.Networking.Manager.NetworkManager: Filtered interface addresses: ["127.0.0.1", "172.17.0.2"]
[2026-04-11 06:19:24.546 +00:00] [INF] [33] Jellyfin.Networking.Manager.NetworkManager: Bind Addresses ["0.0.0.0"]
[2026-04-11 06:19:24.546 +00:00] [INF] [33] Jellyfin.Networking.Manager.NetworkManager: Remote IP filter is "Allowlist"
[2026-04-11 06:19:24.546 +00:00] [INF] [33] Jellyfin.Networking.Manager.NetworkManager: Filtered subnets: []
[2026-04-11 06:19:25.964 +00:00] [INF] [33] Emby.Server.Implementations.AppBase.BaseConfigurationManager: Saving system configuration
[2026-04-11 06:19:25.964 +00:00] [INF] [33] Emby.Server.Implementations.AppBase.BaseConfigurationManager: Setting cache path: "/cache"
[2026-04-11 06:19:25.981 +00:00] [INF] [37] Emby.Server.Implementations.Library.LibraryManager: Validating media library
[2026-04-11 06:19:26.274 +00:00] [WRN] [37] MediaBrowser.Controller.Entities.BaseItem: Library folder "/config/data/playlists" is inaccessible or empty, skipping
[2026-04-11 06:19:26.323 +00:00] [WRN] [37] MediaBrowser.Controller.Entities.BaseItem: Library folder "/config/data/playlists" is inaccessible or empty, skipping
[2026-04-11 06:19:26.595 +00:00] [INF] [37] Emby.Server.Implementations.ScheduledTasks.TaskManager: "Scan Media Library" Completed after 0 minute(s) and 0 seconds
[2026-04-11 06:19:45.468 +00:00] [INF] [40] Jellyfin.Server.Implementations.Users.UserManager: Authentication request for "Frossty14th" has been denied (IP: "10.0.2.15").
[2026-04-11 06:19:45.473 +00:00] [ERR] [40] Jellyfin.Api.Middleware.ExceptionMiddleware: Error processing request: "Invalid username or password entered". URL "POST" "/Users/authenticatebyname".
[2026-04-11 06:19:59.214 +00:00] [INF] [40] Jellyfin.Server.Implementations.Users.UserManager: Authentication request for "Frossty0014th" has been denied (IP: "10.0.2.15").
[2026-04-11 06:19:59.216 +00:00] [ERR] [40] Jellyfin.Api.Middleware.ExceptionMiddleware: Error processing request: "Invalid username or password entered". URL "POST" "/Users/authenticatebyname".
[2026-04-11 06:20:12.177 +00:00] [INF] [13] Jellyfin.Server.Implementations.Users.UserManager: Authentication request for "Frossty14th" has been denied (IP: "10.0.2.15").
[2026-04-11 06:20:12.183 +00:00] [ERR] [13] Jellyfin.Api.Middleware.ExceptionMiddleware: Error processing request: "Invalid username or password entered". URL "POST" "/Users/authenticatebyname".
[2026-04-11 06:32:12.349 +00:00] [INF] [53] Jellyfin.Server.Implementations.Users.UserManager: Authentication request for "Frossty14th" has succeeded.
[2026-04-11 06:32:12.350 +00:00] [INF] [53] Emby.Server.Implementations.Session.SessionManager: Current/Max sessions for user "Frossty14th": 0/0
[2026-04-11 06:32:12.355 +00:00] [INF] [53] Emby.Server.Implementations.Session.SessionManager: Creating new access token for user df790c88-d039-4bbe-adbf-965d30230c14
[2026-04-11 06:32:12.640 +00:00] [INF] [49] Emby.Server.Implementations.HttpServer.WebSocketManager: WS "10.0.2.15" request
[2026-04-11 06:32:40.153 +00:00] [INF] [54] Jellyfin.Server.Implementations.Users.UserManager: Authentication request for "Frossty14th" has succeeded.
[2026-04-11 06:32:47.171 +00:00] [INF] [50] Emby.Server.Implementations.Session.SessionManager: Logging out access token "8e71c8443ace4495b8562e3a5d4c705e"
[2026-04-11 06:32:47.179 +00:00] [INF] [51] Emby.Server.Implementations.HttpServer.WebSocketManager: WS "10.0.2.15" closed
[2026-04-11 06:33:00.642 +00:00] [INF] [50] Jellyfin.Server.Implementations.Users.UserManager: Authentication request for "Frossty14th" has succeeded.
[2026-04-11 06:33:00.642 +00:00] [INF] [50] Emby.Server.Implementations.Session.SessionManager: Current/Max sessions for user "Frossty14th": 0/0
[2026-04-11 06:33:00.642 +00:00] [INF] [50] Emby.Server.Implementations.Session.SessionManager: Creating new access token for user df790c88-d039-4bbe-adbf-965d30230c14
[2026-04-11 06:33:00.689 +00:00] [INF] [52] Emby.Server.Implementations.HttpServer.WebSocketManager: WS "10.0.2.15" request
[2026-04-11 07:07:29.206 +00:00] [INF] [89] Emby.Server.Implementations.Library.LibraryManager: Validating media library
[2026-04-11 07:07:29.227 +00:00] [INF] [84] Emby.Server.Implementations.ScheduledTasks.Tasks.OptimizeDatabaseTask: Optimizing and vacuuming jellyfin.db...
[2026-04-11 07:07:29.230 +00:00] [INF] [82] Emby.Server.Implementations.ScheduledTasks.TaskManager: "Clean Transcode Directory" Completed after 0 minute(s) and 0 seconds
[2026-04-11 07:07:29.271 +00:00] [WRN] [89] MediaBrowser.Controller.Entities.BaseItem: Library folder "/config/data/playlists" is inaccessible or empty, skipping
[2026-04-11 07:07:29.277 +00:00] [INF] [81] Emby.Server.Implementations.ScheduledTasks.TaskManager: "Clean Log Directory" Completed after 0 minute(s) and 0 seconds
[2026-04-11 07:07:29.284 +00:00] [INF] [82] Emby.Server.Implementations.ScheduledTasks.TaskManager: "Audio Normalization" Completed after 0 minute(s) and 0 seconds
[2026-04-11 07:07:29.336 +00:00] [INF] [78] Emby.Server.Implementations.ScheduledTasks.TaskManager: "Download missing subtitles" Completed after 0 minute(s) and 0 seconds
[2026-04-11 07:07:29.359 +00:00] [INF] [80] Emby.Server.Implementations.ScheduledTasks.TaskManager: "Clean Cache Directory" Completed after 0 minute(s) and 0 seconds
[2026-04-11 07:07:29.394 +00:00] [WRN] [89] MediaBrowser.Controller.Entities.BaseItem: Library folder "/config/data/playlists" is inaccessible or empty, skipping
[2026-04-11 07:07:29.403 +00:00] [INF] [84] Jellyfin.Database.Providers.Sqlite.SqliteDatabaseProvider: jellyfin.db optimized successfully!
[2026-04-11 07:07:29.404 +00:00] [INF] [84] Emby.Server.Implementations.ScheduledTasks.TaskManager: "Optimize database" Completed after 0 minute(s) and 0 seconds
[2026-04-11 07:07:29.435 +00:00] [INF] [83] Emby.Server.Implementations.ScheduledTasks.TaskManager: "Media Segment Scan" Completed after 0 minute(s) and 0 seconds
[2026-04-11 07:07:29.468 +00:00] [INF] [89] Emby.Server.Implementations.ScheduledTasks.TaskManager: "Scan Media Library" Completed after 0 minute(s) and 0 seconds
[2026-04-11 07:07:29.530 +00:00] [INF] [87] Emby.Server.Implementations.ScheduledTasks.TaskManager: "TasksRefreshChannels" Completed after 0 minute(s) and 0 seconds
[2026-04-11 07:07:29.560 +00:00] [INF] [79] Emby.Server.Implementations.ScheduledTasks.TaskManager: "Download missing lyrics" Completed after 0 minute(s) and 0 seconds
[2026-04-11 07:07:29.598 +00:00] [INF] [86] Emby.Server.Implementations.Library.LibraryManager: People validation complete
[2026-04-11 07:07:29.607 +00:00] [WRN] [86] Microsoft.EntityFrameworkCore.Query: The query uses a row limiting operator ('Skip'/'Take') without an 'OrderBy' operator. This may lead to unpredictable results. If the 'Distinct' operator is used after 'OrderBy', then make sure to use the 'OrderBy' operator after 'Distinct' as the ordering would otherwise get erased.
[2026-04-11 07:07:29.617 +00:00] [INF] [86] Emby.Server.Implementations.ScheduledTasks.TaskManager: "Refresh People" Completed after 0 minute(s) and 0 seconds
[2026-04-11 07:07:30.566 +00:00] [INF] [85] Emby.Server.Implementations.ScheduledTasks.TaskManager: "Update Plugins" Completed after 0 minute(s) and 1 seconds
[2026-04-11 07:07:32.248 +00:00] [INF] [85] Jellyfin.LiveTv.Guide.GuideManager: Refreshing guide with 7 days of guide data
[2026-04-11 07:07:32.261 +00:00] [INF] [85] Emby.Server.Implementations.ScheduledTasks.TaskManager: "Refresh Guide" Completed after 0 minute(s) and 3 seconds
[2026-04-11 07:23:32.023 +00:00] [INF] [55] Jellyfin.Server.Implementations.Users.UserManager: Authentication request for "Frossty14th" has succeeded.
[2026-04-11 07:23:32.024 +00:00] [INF] [55] Emby.Server.Implementations.Session.SessionManager: Current/Max sessions for user "Frossty14th": 1/0
[2026-04-11 07:23:32.024 +00:00] [INF] [55] Emby.Server.Implementations.Session.SessionManager: Creating new access token for user df790c88-d039-4bbe-adbf-965d30230c14
[2026-04-11 07:23:32.072 +00:00] [INF] [33] Emby.Server.Implementations.HttpServer.WebSocketManager: WS "172.17.0.1" request
[2026-04-11 07:25:07.708 +00:00] [WRN] [59] MediaBrowser.Controller.Entities.BaseItem: Library folder "/config/data/playlists" is inaccessible or empty, skipping
[2026-04-11 07:25:07.827 +00:00] [INF] [61] Emby.Server.Implementations.Library.LibraryManager: Validating media library
[2026-04-11 07:25:07.865 +00:00] [WRN] [61] MediaBrowser.Controller.Entities.BaseItem: Library folder "/config/data/playlists" is inaccessible or empty, skipping
[2026-04-11 07:25:07.899 +00:00] [WRN] [62] MediaBrowser.Controller.Entities.BaseItem: Library folder "/config/data/playlists" is inaccessible or empty, skipping
[2026-04-11 07:25:10.571 +00:00] [WRN] [62] Microsoft.EntityFrameworkCore.Query: Compiling a query which loads related collections for more than one collection navigation, either via 'Include' or through projection, but no 'QuerySplittingBehavior' has been configured. By default, Entity Framework will use 'QuerySplittingBehavior.SingleQuery', which can potentially result in slow query performance. See https://go.microsoft.com/fwlink/?linkid=2134277 for more information. To identify the query that's triggering this warning call 'ConfigureWarnings(w => w.Throw(RelationalEventId.MultipleCollectionIncludeWarning))'.
[2026-04-11 07:25:10.778 +00:00] [INF] [59] Emby.Server.Implementations.ScheduledTasks.TaskManager: "Scan Media Library" Completed after 0 minute(s) and 2 seconds
[2026-04-11 07:25:10.813 +00:00] [INF] [62] Emby.Server.Implementations.IO.LibraryMonitor: Watching directory "/data/movies"
[2026-04-11 07:25:23.205 +00:00] [INF] [66] Jellyfin.Api.Helpers.MediaInfoHelper: User policy for "Frossty14th". EnablePlaybackRemuxing: True EnableVideoPlaybackTranscoding: True EnableAudioPlaybackTranscoding: True
[2026-04-11 07:25:33.876 +00:00] [INF] [55] Emby.Server.Implementations.Session.SessionManager: Playback stopped reported by app "Jellyfin Web" "10.11.8" playing "Big_Buck_Bunny_360_10s_1MB". Stopped at "10000" ms
[2026-04-11 07:26:12.770 +00:00] [INF] [61] Emby.Server.Implementations.HttpServer.WebSocketManager: WS "172.17.0.1" request
[2026-04-11 07:26:14.762 +00:00] [INF] [57] Emby.Server.Implementations.HttpServer.WebSocketManager: WS "172.17.0.1" closed
[2026-04-11 07:26:16.840 +00:00] [INF] [57] Emby.Server.Implementations.HttpServer.WebSocketManager: WS "172.17.0.1" request
[2026-04-11 07:26:17.357 +00:00] [INF] [66] Emby.Server.Implementations.HttpServer.WebSocketManager: WS "172.17.0.1" closed
[2026-04-11 07:27:41.831 +00:00] [INF] [64] Jellyfin.Api.Helpers.MediaInfoHelper: User policy for "Frossty14th". EnablePlaybackRemuxing: True EnableVideoPlaybackTranscoding: True EnableAudioPlaybackTranscoding: True
[2026-04-11 07:27:50.545 +00:00] [INF] [64] Emby.Server.Implementations.Session.SessionManager: Playback stopped reported by app "Jellyfin Web" "10.11.8" playing "Big_Buck_Bunny_360_10s_1MB". Stopped at "10000" ms
[2026-04-11 07:30:40.490 +00:00] [INF] [58] Emby.Server.Implementations.HttpServer.WebSocketManager: WS "10.0.2.15" closed
[2026-04-11 07:38:13.101 +00:00] [INF] [87] Emby.Server.Implementations.HttpServer.WebSocketManager: WS "172.17.0.1" request
[2026-04-11 07:38:14.298 +00:00] [INF] [81] Emby.Server.Implementations.HttpServer.WebSocketManager: WS "172.17.0.1" closed
[2026-04-11 07:38:26.657 +00:00] [INF] [80] Jellyfin.Api.Helpers.MediaInfoHelper: User policy for "Frossty14th". EnablePlaybackRemuxing: True EnableVideoPlaybackTranscoding: True EnableAudioPlaybackTranscoding: True
[2026-04-11 07:38:37.096 +00:00] [INF] [80] Emby.Server.Implementations.Session.SessionManager: Playback stopped reported by app "Jellyfin Web" "10.11.8" playing "Big_Buck_Bunny_360_10s_1MB". Stopped at "10000" ms
[2026-04-11 07:52:31.650 +00:00] [INF] [75] Emby.Server.Implementations.Session.SessionManager: Sending shutdown notifications
[2026-04-11 07:52:31.659 +00:00] [INF] [58] Emby.Server.Implementations.HttpServer.WebSocketManager: WS "172.17.0.1" closed
[2026-04-11 07:52:31.668 +00:00] [INF] [72] Main: Running query planner optimizations in the database... This might take a while
[2026-04-11 07:52:31.748 +00:00] [INF] [38] Emby.Server.Implementations.IO.LibraryMonitor: Stopping directory watching for path "/data/movies"
[2026-04-11 07:52:31.767 +00:00] [INF] [72] Emby.Server.Implementations.ApplicationHost: Disposing "CoreAppHost"
[2026-04-11 07:52:31.769 +00:00] [INF] [72] Emby.Server.Implementations.ApplicationHost: Disposing "MusicBrainzArtistProvider"
[2026-04-11 07:52:31.772 +00:00] [INF] [72] Emby.Server.Implementations.ApplicationHost: Disposing "MusicBrainzAlbumProvider"
[2026-04-11 07:52:31.773 +00:00] [INF] [72] Emby.Server.Implementations.ApplicationHost: Disposing "PluginManager"
[2026-04-11 07:52:33.038 +00:00] [INF] [1] Emby.Server.Implementations.AppBase.BaseConfigurationManager: Setting cache path: "/cache"
[2026-04-11 07:52:33.288 +00:00] [INF] [7] Jellyfin.Server.ServerSetupApp.SetupServer: Kestrel is listening on "0.0.0.0"
[2026-04-11 07:52:33.335 +00:00] [INF] [7] Main: Jellyfin version: "10.11.8"
[2026-04-11 07:52:33.342 +00:00] [INF] [7] Main: Environment Variables: ["[JELLYFIN_CACHE_DIR, /cache]", "[JELLYFIN_WEB_DIR, /jellyfin/jellyfin-web]", "[JELLYFIN_CONFIG_DIR, /config/config]", "[JELLYFIN_FFMPEG, /usr/lib/jellyfin-ffmpeg/ffmpeg]", "[JELLYFIN_DATA_DIR, /config]", "[JELLYFIN_LOG_DIR, /config/log]"]
[2026-04-11 07:52:33.343 +00:00] [INF] [7] Main: Arguments: ["/jellyfin/jellyfin.dll"]
[2026-04-11 07:52:33.344 +00:00] [INF] [7] Main: Operating system: "Debian GNU/Linux 13 (trixie)"
[2026-04-11 07:52:33.344 +00:00] [INF] [7] Main: Architecture: X64
[2026-04-11 07:52:33.345 +00:00] [INF] [7] Main: 64-Bit Process: True
[2026-04-11 07:52:33.345 +00:00] [INF] [7] Main: User Interactive: True
[2026-04-11 07:52:33.345 +00:00] [INF] [7] Main: Processor count: 4
[2026-04-11 07:52:33.345 +00:00] [INF] [7] Main: Program data path: "/config"
[2026-04-11 07:52:33.345 +00:00] [INF] [7] Main: Log directory path: "/config/log"
[2026-04-11 07:52:33.345 +00:00] [INF] [7] Main: Config directory path: "/config/config"
[2026-04-11 07:52:33.345 +00:00] [INF] [7] Main: Cache path: "/cache"
[2026-04-11 07:52:33.345 +00:00] [INF] [7] Main: Temp directory path: "/tmp/jellyfin"
[2026-04-11 07:52:33.348 +00:00] [INF] [7] Main: Web resources path: "/jellyfin/jellyfin-web"
[2026-04-11 07:52:33.350 +00:00] [INF] [7] Main: Application directory: "/jellyfin/"
[2026-04-11 07:52:33.361 +00:00] [INF] [7] Jellyfin.Server.Startup: Storage path `"/config/data"` (Fixed) successfully checked with "31.9GiB" free which is over the minimum of "2GiB".
[2026-04-11 07:52:33.363 +00:00] [INF] [7] Jellyfin.Server.Startup: Storage path `"/cache"` (Fixed) successfully checked with "31.9GiB" free which is over the minimum of "2GiB".
[2026-04-11 07:52:33.364 +00:00] [INF] [7] Jellyfin.Server.Startup: Storage path `"/config"` (Fixed) successfully checked with "31.9GiB" free which is over the minimum of "2GiB".
[2026-04-11 07:52:33.379 +00:00] [INF] [7] Emby.Server.Implementations.AppBase.BaseConfigurationManager: Setting cache path: "/cache"
[2026-04-11 07:52:33.452 +00:00] [INF] [7] Jellyfin.Database.Providers.Sqlite.SqliteDatabaseProvider: SQLite connection string: "Data Source=/config/data/jellyfin.db;Cache=Default;Default Timeout=30;Pooling=True"
[2026-04-11 07:52:33.458 +00:00] [INF] [7] Jellyfin.Database.Providers.Sqlite.SqliteDatabaseProvider: SQLITE connection pragma command set to: 
"PRAGMA locking_mode=NORMAL;
PRAGMA journal_size_limit=134217728;
PRAGMA synchronous=1;
PRAGMA temp_store=2;
"
[2026-04-11 07:52:33.460 +00:00] [INF] [7] Jellyfin.Database.Implementations.Locking.NoLockBehavior: The database locking mode has been set to: NoLock.
[2026-04-11 07:52:33.495 +00:00] [INF] [7] Jellyfin.Server.Migrations.JellyfinMigrationService: Initialise Migration service.
[2026-04-11 07:52:34.429 +00:00] [INF] [7] Jellyfin.Server.Migrations.JellyfinMigrationService: There are 0 migrations for stage PreInitialisation.
[2026-04-11 07:52:34.439 +00:00] [INF] [7] Emby.Server.Implementations.AppBase.BaseConfigurationManager: Setting cache path: "/cache"
[2026-04-11 07:52:34.451 +00:00] [INF] [7] Emby.Server.Implementations.ApplicationHost: Loading assemblies
[2026-04-11 07:52:34.484 +00:00] [INF] [7] Jellyfin.Networking.Manager.NetworkManager: Defined LAN subnets: ["127.0.0.1/8", "10.0.0.0/8", "172.16.0.0/12", "192.168.0.0/16"]
[2026-04-11 07:52:34.484 +00:00] [INF] [7] Jellyfin.Networking.Manager.NetworkManager: Defined LAN exclusions: []
[2026-04-11 07:52:34.485 +00:00] [INF] [7] Jellyfin.Networking.Manager.NetworkManager: Used LAN subnets: ["127.0.0.1/8", "10.0.0.0/8", "172.16.0.0/12", "192.168.0.0/16"]
[2026-04-11 07:52:34.487 +00:00] [INF] [7] Jellyfin.Networking.Manager.NetworkManager: Filtered interface addresses: ["127.0.0.1", "172.20.0.2"]
[2026-04-11 07:52:34.487 +00:00] [INF] [7] Jellyfin.Networking.Manager.NetworkManager: Bind Addresses ["0.0.0.0"]
[2026-04-11 07:52:34.487 +00:00] [INF] [7] Jellyfin.Networking.Manager.NetworkManager: Remote IP filter is "Allowlist"
[2026-04-11 07:52:34.487 +00:00] [INF] [7] Jellyfin.Networking.Manager.NetworkManager: Filtered subnets: []
[2026-04-11 07:52:34.570 +00:00] [INF] [7] Jellyfin.Database.Providers.Sqlite.SqliteDatabaseProvider: SQLite connection string: "Data Source=/config/data/jellyfin.db;Cache=Default;Default Timeout=30;Pooling=True"
[2026-04-11 07:52:34.571 +00:00] [INF] [7] Jellyfin.Database.Providers.Sqlite.SqliteDatabaseProvider: SQLITE connection pragma command set to: 
"PRAGMA locking_mode=NORMAL;
PRAGMA journal_size_limit=134217728;
PRAGMA synchronous=1;
PRAGMA temp_store=2;
"
[2026-04-11 07:52:34.571 +00:00] [INF] [7] Jellyfin.Database.Implementations.Locking.NoLockBehavior: The database locking mode has been set to: NoLock.
[2026-04-11 07:52:34.575 +00:00] [INF] [7] Main: Prepare system for possible migrations
[2026-04-11 07:52:34.602 +00:00] [INF] [7] Jellyfin.Server.Migrations.JellyfinMigrationService: There are 0 migrations for stage CoreInitialisation.
[2026-04-11 07:52:35.130 +00:00] [INF] [7] Emby.Server.Implementations.Plugins.PluginManager: Loaded plugin: "TMDb" "10.11.8.0"
[2026-04-11 07:52:35.131 +00:00] [INF] [7] Emby.Server.Implementations.Plugins.PluginManager: Loaded plugin: "Studio Images" "10.11.8.0"
[2026-04-11 07:52:35.132 +00:00] [INF] [7] Emby.Server.Implementations.Plugins.PluginManager: Loaded plugin: "OMDb" "10.11.8.0"
[2026-04-11 07:52:35.139 +00:00] [INF] [7] Emby.Server.Implementations.Plugins.PluginManager: Loaded plugin: "MusicBrainz" "10.11.8.0"
[2026-04-11 07:52:35.140 +00:00] [INF] [7] Emby.Server.Implementations.Plugins.PluginManager: Loaded plugin: "AudioDB" "10.11.8.0"
[2026-04-11 07:52:35.171 +00:00] [INF] [7] Jellyfin.Server.Migrations.JellyfinMigrationService: There are 0 migrations for stage AppInitialisation.
[2026-04-11 07:52:35.230 +00:00] [INF] [9] Main: Kestrel is listening on "0.0.0.0"
[2026-04-11 07:52:35.244 +00:00] [WRN] [7] Microsoft.AspNetCore.DataProtection.KeyManagement.XmlKeyManager: No XML encryptor configured. Key {0d9fe42f-2a92-4533-aa32-95e1cabc2074} may be persisted to storage in unencrypted form.
[2026-04-11 07:52:35.873 +00:00] [WRN] [9] Microsoft.AspNetCore.StaticFiles.StaticFileMiddleware: The WebRootPath was not found: "/wwwroot". Static files may be unavailable.
[2026-04-11 07:52:35.932 +00:00] [INF] [9] Emby.Server.Implementations.ApplicationHost: Running startup tasks
[2026-04-11 07:52:35.935 +00:00] [INF] [16] Emby.Server.Implementations.IO.LibraryMonitor: Watching directory "/data/movies"
[2026-04-11 07:52:35.949 +00:00] [INF] [9] Emby.Server.Implementations.ScheduledTasks.TaskManager: Daily trigger for "Generate Trickplay Images" set to fire at 2026-04-12 03:00:00.000 +00:00, which is 19:07:24.0509995 from now.
[2026-04-11 07:52:35.968 +00:00] [INF] [9] Emby.Server.Implementations.ScheduledTasks.TaskManager: Daily trigger for "Extract Chapter Images" set to fire at 2026-04-12 02:00:00.000 +00:00, which is 18:07:24.0317277 from now.
[2026-04-11 07:52:36.030 +00:00] [INF] [9] MediaBrowser.MediaEncoding.Encoder.MediaEncoder: Found ffmpeg version "7.1.3"
[2026-04-11 07:52:36.105 +00:00] [INF] [9] MediaBrowser.MediaEncoding.Encoder.MediaEncoder: Available "decoders": ["libdav1d", "av1", "av1_cuvid", "av1_qsv", "h264", "h264_qsv", "h264_cuvid", "hevc", "hevc_qsv", "hevc_cuvid", "mpeg2video", "mpeg2_qsv", "mpeg2_cuvid", "mpeg4", "mpeg4_cuvid", "msmpeg4", "vc1_qsv", "vc1_cuvid", "vp8", "libvpx", "vp8_cuvid", "vp8_qsv", "vp9", "libvpx-vp9", "vp9_cuvid", "vp9_qsv", "aac", "ac3", "ac4", "dca", "flac", "mp3", "truehd"]
[2026-04-11 07:52:36.150 +00:00] [INF] [9] MediaBrowser.MediaEncoding.Encoder.MediaEncoder: Available "encoders": ["libsvtav1", "av1_nvenc", "av1_qsv", "av1_amf", "av1_vaapi", "libx264", "h264_amf", "h264_nvenc", "h264_qsv", "h264_v4l2m2m", "h264_vaapi", "libx265", "hevc_amf", "hevc_nvenc", "hevc_qsv", "hevc_vaapi", "mjpeg_qsv", "mjpeg_vaapi", "aac", "libfdk_aac", "ac3", "alac", "dca", "flac", "libmp3lame", "libopus", "truehd", "libvorbis", "srt"]
[2026-04-11 07:52:36.177 +00:00] [INF] [9] MediaBrowser.MediaEncoding.Encoder.MediaEncoder: Available filters: ["bwdif_cuda", "bwdif_opencl", "deinterlace_qsv", "deinterlace_vaapi", "flip_vulkan", "hwupload_cuda", "hwupload_vaapi", "libplacebo", "overlay_opencl", "overlay_qsv", "overlay_vaapi", "overlay_vulkan", "overlay_cuda", "procamp_vaapi", "scale_cuda", "scale_opencl", "scale_qsv", "scale_vaapi", "scale_vulkan", "tonemapx", "tonemap_cuda", "tonemap_opencl", "tonemap_vaapi", "transpose_cuda", "transpose_opencl", "transpose_vaapi", "transpose_vulkan", "vpp_qsv", "yadif_cuda", "yadif_opencl", "zscale", "alphasrc"]
[2026-04-11 07:52:36.462 +00:00] [INF] [9] MediaBrowser.MediaEncoding.Encoder.MediaEncoder: Available hwaccel types: ["cuda", "vaapi", "qsv", "drm", "opencl", "vulkan"]
[2026-04-11 07:52:38.996 +00:00] [INF] [7] Emby.Server.Implementations.ScheduledTasks.TaskManager: "Clean Transcode Directory" Completed after 0 minute(s) and 0 seconds
[2026-04-11 07:52:39.001 +00:00] [INF] [16] Emby.Server.Implementations.ScheduledTasks.TaskManager: "Clean up collections and playlists" Completed after 0 minute(s) and 0 seconds
[2026-04-11 07:52:40.607 +00:00] [INF] [11] Emby.Server.Implementations.ScheduledTasks.TaskManager: "Update Plugins" Completed after 0 minute(s) and 1 seconds
[2026-04-11 07:53:00.332 +00:00] [INF] [11] Emby.Server.Implementations.HttpServer.WebSocketManager: WS "172.20.0.1" request
[2026-04-11 07:53:01.507 +00:00] [INF] [7] Emby.Server.Implementations.HttpServer.WebSocketManager: WS "172.20.0.1" closed
[2026-04-11 07:53:23.691 +00:00] [INF] [18] Emby.Server.Implementations.Session.SessionManager: Sending shutdown notifications
[2026-04-11 07:53:25.136 +00:00] [INF] [9] MediaBrowser.MediaEncoding.Encoder.MediaEncoder: FFmpeg: "/usr/lib/jellyfin-ffmpeg/ffmpeg"
[2026-04-11 07:53:25.136 +00:00] [INF] [9] Emby.Server.Implementations.ApplicationHost: ServerId: "f8bd829df7e34afbb679e8e8c3ea636b"
[2026-04-11 07:53:25.136 +00:00] [INF] [9] Emby.Server.Implementations.ApplicationHost: Core startup complete
[2026-04-11 07:53:25.137 +00:00] [INF] [9] Main: Startup complete 0:00:52.3427456
[2026-04-11 07:53:25.152 +00:00] [INF] [7] Main: Running query planner optimizations in the database... This might take a while
[2026-04-11 07:53:25.180 +00:00] [INF] [13] Emby.Server.Implementations.IO.LibraryMonitor: Stopping directory watching for path "/data/movies"
[2026-04-11 07:53:25.184 +00:00] [INF] [7] Emby.Server.Implementations.ApplicationHost: Disposing "CoreAppHost"
[2026-04-11 07:53:25.184 +00:00] [INF] [7] Emby.Server.Implementations.ApplicationHost: Disposing "MusicBrainzArtistProvider"
[2026-04-11 07:53:25.185 +00:00] [INF] [7] Emby.Server.Implementations.ApplicationHost: Disposing "MusicBrainzAlbumProvider"
[2026-04-11 07:53:25.185 +00:00] [INF] [7] Emby.Server.Implementations.ApplicationHost: Disposing "PluginManager"
[2026-04-11 07:53:30.986 +00:00] [INF] [1] Emby.Server.Implementations.AppBase.BaseConfigurationManager: Setting cache path: "/cache"
[2026-04-11 07:53:31.175 +00:00] [INF] [9] Jellyfin.Server.ServerSetupApp.SetupServer: Kestrel is listening on "0.0.0.0"
[2026-04-11 07:53:31.201 +00:00] [INF] [9] Main: Jellyfin version: "10.11.8"
[2026-04-11 07:53:31.206 +00:00] [INF] [9] Main: Environment Variables: ["[JELLYFIN_CONFIG_DIR, /config/config]", "[JELLYFIN_CACHE_DIR, /cache]", "[JELLYFIN_FFMPEG, /usr/lib/jellyfin-ffmpeg/ffmpeg]", "[JELLYFIN_WEB_DIR, /jellyfin/jellyfin-web]", "[JELLYFIN_LOG_DIR, /config/log]", "[JELLYFIN_DATA_DIR, /config]"]
[2026-04-11 07:53:31.208 +00:00] [INF] [9] Main: Arguments: ["/jellyfin/jellyfin.dll"]
[2026-04-11 07:53:31.208 +00:00] [INF] [9] Main: Operating system: "Debian GNU/Linux 13 (trixie)"
[2026-04-11 07:53:31.208 +00:00] [INF] [9] Main: Architecture: X64
[2026-04-11 07:53:31.209 +00:00] [INF] [9] Main: 64-Bit Process: True
[2026-04-11 07:53:31.209 +00:00] [INF] [9] Main: User Interactive: True
[2026-04-11 07:53:31.209 +00:00] [INF] [9] Main: Processor count: 4
[2026-04-11 07:53:31.209 +00:00] [INF] [9] Main: Program data path: "/config"
[2026-04-11 07:53:31.209 +00:00] [INF] [9] Main: Log directory path: "/config/log"
[2026-04-11 07:53:31.209 +00:00] [INF] [9] Main: Config directory path: "/config/config"
[2026-04-11 07:53:31.209 +00:00] [INF] [9] Main: Cache path: "/cache"
[2026-04-11 07:53:31.210 +00:00] [INF] [9] Main: Temp directory path: "/tmp/jellyfin"
[2026-04-11 07:53:31.210 +00:00] [INF] [9] Main: Web resources path: "/jellyfin/jellyfin-web"
[2026-04-11 07:53:31.210 +00:00] [INF] [9] Main: Application directory: "/jellyfin/"
[2026-04-11 07:53:31.219 +00:00] [INF] [9] Jellyfin.Server.Startup: Storage path `"/config/data"` (Fixed) successfully checked with "31.9GiB" free which is over the minimum of "2GiB".
[2026-04-11 07:53:31.220 +00:00] [INF] [9] Jellyfin.Server.Startup: Storage path `"/cache"` (Fixed) successfully checked with "31.9GiB" free which is over the minimum of "2GiB".
[2026-04-11 07:53:31.220 +00:00] [INF] [9] Jellyfin.Server.Startup: Storage path `"/config"` (Fixed) successfully checked with "31.9GiB" free which is over the minimum of "2GiB".
[2026-04-11 07:53:31.229 +00:00] [INF] [9] Emby.Server.Implementations.AppBase.BaseConfigurationManager: Setting cache path: "/cache"
[2026-04-11 07:53:31.276 +00:00] [INF] [9] Jellyfin.Database.Providers.Sqlite.SqliteDatabaseProvider: SQLite connection string: "Data Source=/config/data/jellyfin.db;Cache=Default;Default Timeout=30;Pooling=True"
[2026-04-11 07:53:31.280 +00:00] [INF] [9] Jellyfin.Database.Providers.Sqlite.SqliteDatabaseProvider: SQLITE connection pragma command set to: 
"PRAGMA locking_mode=NORMAL;
PRAGMA journal_size_limit=134217728;
PRAGMA synchronous=1;
PRAGMA temp_store=2;
"
[2026-04-11 07:53:31.282 +00:00] [INF] [9] Jellyfin.Database.Implementations.Locking.NoLockBehavior: The database locking mode has been set to: NoLock.
[2026-04-11 07:53:31.304 +00:00] [INF] [9] Jellyfin.Server.Migrations.JellyfinMigrationService: Initialise Migration service.
[2026-04-11 07:53:32.078 +00:00] [INF] [9] Jellyfin.Server.Migrations.JellyfinMigrationService: There are 0 migrations for stage PreInitialisation.
[2026-04-11 07:53:32.087 +00:00] [INF] [9] Emby.Server.Implementations.AppBase.BaseConfigurationManager: Setting cache path: "/cache"
[2026-04-11 07:53:32.098 +00:00] [INF] [9] Emby.Server.Implementations.ApplicationHost: Loading assemblies
[2026-04-11 07:53:32.124 +00:00] [INF] [9] Jellyfin.Networking.Manager.NetworkManager: Defined LAN subnets: ["127.0.0.1/8", "10.0.0.0/8", "172.16.0.0/12", "192.168.0.0/16"]
[2026-04-11 07:53:32.124 +00:00] [INF] [9] Jellyfin.Networking.Manager.NetworkManager: Defined LAN exclusions: []
[2026-04-11 07:53:32.124 +00:00] [INF] [9] Jellyfin.Networking.Manager.NetworkManager: Used LAN subnets: ["127.0.0.1/8", "10.0.0.0/8", "172.16.0.0/12", "192.168.0.0/16"]
[2026-04-11 07:53:32.126 +00:00] [INF] [9] Jellyfin.Networking.Manager.NetworkManager: Filtered interface addresses: ["127.0.0.1", "172.20.0.2"]
[2026-04-11 07:53:32.126 +00:00] [INF] [9] Jellyfin.Networking.Manager.NetworkManager: Bind Addresses ["0.0.0.0"]
[2026-04-11 07:53:32.126 +00:00] [INF] [9] Jellyfin.Networking.Manager.NetworkManager: Remote IP filter is "Allowlist"
[2026-04-11 07:53:32.126 +00:00] [INF] [9] Jellyfin.Networking.Manager.NetworkManager: Filtered subnets: []
[2026-04-11 07:53:32.204 +00:00] [INF] [9] Jellyfin.Database.Providers.Sqlite.SqliteDatabaseProvider: SQLite connection string: "Data Source=/config/data/jellyfin.db;Cache=Default;Default Timeout=30;Pooling=True"
[2026-04-11 07:53:32.204 +00:00] [INF] [9] Jellyfin.Database.Providers.Sqlite.SqliteDatabaseProvider: SQLITE connection pragma command set to: 
"PRAGMA locking_mode=NORMAL;
PRAGMA journal_size_limit=134217728;
PRAGMA synchronous=1;
PRAGMA temp_store=2;
"
[2026-04-11 07:53:32.205 +00:00] [INF] [9] Jellyfin.Database.Implementations.Locking.NoLockBehavior: The database locking mode has been set to: NoLock.
[2026-04-11 07:53:32.213 +00:00] [INF] [9] Main: Prepare system for possible migrations
[2026-04-11 07:53:32.297 +00:00] [INF] [9] Jellyfin.Server.Migrations.JellyfinMigrationService: There are 0 migrations for stage CoreInitialisation.
[2026-04-11 07:53:33.159 +00:00] [INF] [9] Emby.Server.Implementations.Plugins.PluginManager: Loaded plugin: "TMDb" "10.11.8.0"
[2026-04-11 07:53:33.160 +00:00] [INF] [9] Emby.Server.Implementations.Plugins.PluginManager: Loaded plugin: "Studio Images" "10.11.8.0"
[2026-04-11 07:53:33.160 +00:00] [INF] [9] Emby.Server.Implementations.Plugins.PluginManager: Loaded plugin: "OMDb" "10.11.8.0"
[2026-04-11 07:53:33.170 +00:00] [INF] [9] Emby.Server.Implementations.Plugins.PluginManager: Loaded plugin: "MusicBrainz" "10.11.8.0"
[2026-04-11 07:53:33.170 +00:00] [INF] [9] Emby.Server.Implementations.Plugins.PluginManager: Loaded plugin: "AudioDB" "10.11.8.0"
[2026-04-11 07:53:33.210 +00:00] [INF] [9] Jellyfin.Server.Migrations.JellyfinMigrationService: There are 0 migrations for stage AppInitialisation.
[2026-04-11 07:53:33.270 +00:00] [INF] [13] Main: Kestrel is listening on "0.0.0.0"
[2026-04-11 07:53:33.286 +00:00] [WRN] [9] Microsoft.AspNetCore.DataProtection.KeyManagement.XmlKeyManager: No XML encryptor configured. Key {c0dece94-fdfa-439c-949d-257c82f951a0} may be persisted to storage in unencrypted form.
[2026-04-11 07:53:33.949 +00:00] [WRN] [13] Microsoft.AspNetCore.StaticFiles.StaticFileMiddleware: The WebRootPath was not found: "/wwwroot". Static files may be unavailable.
[2026-04-11 07:53:34.002 +00:00] [INF] [13] Emby.Server.Implementations.ApplicationHost: Running startup tasks
[2026-04-11 07:53:34.007 +00:00] [INF] [9] Emby.Server.Implementations.IO.LibraryMonitor: Watching directory "/data/movies"
[2026-04-11 07:53:34.024 +00:00] [INF] [13] Emby.Server.Implementations.ScheduledTasks.TaskManager: Daily trigger for "Generate Trickplay Images" set to fire at 2026-04-12 03:00:00.000 +00:00, which is 19:06:25.9762450 from now.
[2026-04-11 07:53:34.035 +00:00] [INF] [13] Emby.Server.Implementations.ScheduledTasks.TaskManager: Daily trigger for "Extract Chapter Images" set to fire at 2026-04-12 02:00:00.000 +00:00, which is 18:06:25.9644515 from now.
[2026-04-11 07:53:34.073 +00:00] [INF] [13] MediaBrowser.MediaEncoding.Encoder.MediaEncoder: Found ffmpeg version "7.1.3"
[2026-04-11 07:53:34.114 +00:00] [INF] [13] MediaBrowser.MediaEncoding.Encoder.MediaEncoder: Available "decoders": ["libdav1d", "av1", "av1_cuvid", "av1_qsv", "h264", "h264_qsv", "h264_cuvid", "hevc", "hevc_qsv", "hevc_cuvid", "mpeg2video", "mpeg2_qsv", "mpeg2_cuvid", "mpeg4", "mpeg4_cuvid", "msmpeg4", "vc1_qsv", "vc1_cuvid", "vp8", "libvpx", "vp8_cuvid", "vp8_qsv", "vp9", "libvpx-vp9", "vp9_cuvid", "vp9_qsv", "aac", "ac3", "ac4", "dca", "flac", "mp3", "truehd"]
[2026-04-11 07:53:34.159 +00:00] [INF] [13] MediaBrowser.MediaEncoding.Encoder.MediaEncoder: Available "encoders": ["libsvtav1", "av1_nvenc", "av1_qsv", "av1_amf", "av1_vaapi", "libx264", "h264_amf", "h264_nvenc", "h264_qsv", "h264_v4l2m2m", "h264_vaapi", "libx265", "hevc_amf", "hevc_nvenc", "hevc_qsv", "hevc_vaapi", "mjpeg_qsv", "mjpeg_vaapi", "aac", "libfdk_aac", "ac3", "alac", "dca", "flac", "libmp3lame", "libopus", "truehd", "libvorbis", "srt"]
[2026-04-11 07:53:34.192 +00:00] [INF] [13] MediaBrowser.MediaEncoding.Encoder.MediaEncoder: Available filters: ["bwdif_cuda", "bwdif_opencl", "deinterlace_qsv", "deinterlace_vaapi", "flip_vulkan", "hwupload_cuda", "hwupload_vaapi", "libplacebo", "overlay_opencl", "overlay_qsv", "overlay_vaapi", "overlay_vulkan", "overlay_cuda", "procamp_vaapi", "scale_cuda", "scale_opencl", "scale_qsv", "scale_vaapi", "scale_vulkan", "tonemapx", "tonemap_cuda", "tonemap_opencl", "tonemap_vaapi", "transpose_cuda", "transpose_opencl", "transpose_vaapi", "transpose_vulkan", "vpp_qsv", "yadif_cuda", "yadif_opencl", "zscale", "alphasrc"]
[2026-04-11 07:53:34.696 +00:00] [INF] [13] MediaBrowser.MediaEncoding.Encoder.MediaEncoder: Available hwaccel types: ["cuda", "vaapi", "qsv", "drm", "opencl", "vulkan"]
[2026-04-11 07:53:37.088 +00:00] [INF] [7] Emby.Server.Implementations.ScheduledTasks.TaskManager: "Clean up collections and playlists" Completed after 0 minute(s) and 0 seconds
[2026-04-11 07:53:37.089 +00:00] [INF] [16] Emby.Server.Implementations.ScheduledTasks.TaskManager: "Clean Transcode Directory" Completed after 0 minute(s) and 0 seconds
[2026-04-11 07:53:38.352 +00:00] [INF] [7] Emby.Server.Implementations.ScheduledTasks.TaskManager: "Update Plugins" Completed after 0 minute(s) and 1 seconds
[2026-04-11 07:54:25.390 +00:00] [INF] [13] MediaBrowser.MediaEncoding.Encoder.MediaEncoder: FFmpeg: "/usr/lib/jellyfin-ffmpeg/ffmpeg"
[2026-04-11 07:54:25.393 +00:00] [INF] [13] Emby.Server.Implementations.ApplicationHost: ServerId: "f8bd829df7e34afbb679e8e8c3ea636b"
[2026-04-11 07:54:25.393 +00:00] [INF] [13] Emby.Server.Implementations.ApplicationHost: Core startup complete
[2026-04-11 07:54:25.394 +00:00] [INF] [13] Main: Startup complete 0:00:54.6503945
[2026-04-11 07:54:39.140 +00:00] [INF] [18] Emby.Server.Implementations.HttpServer.WebSocketManager: WS "172.20.0.1" request
[2026-04-11 07:54:47.393 +00:00] [INF] [18] Jellyfin.Api.Helpers.MediaInfoHelper: User policy for "Frossty14th". EnablePlaybackRemuxing: True EnableVideoPlaybackTranscoding: True EnableAudioPlaybackTranscoding: True
[2026-04-11 07:54:57.907 +00:00] [INF] [18] Emby.Server.Implementations.Session.SessionManager: Playback stopped reported by app "Jellyfin Web" "10.11.8" playing "Big_Buck_Bunny_360_10s_1MB". Stopped at "10000" ms
[2026-04-11 08:26:07.946 +00:00] [INF] [60] Jellyfin.Server.Implementations.Users.UserManager: Authentication request for "Frossty14th" has succeeded.
[2026-04-11 08:26:07.946 +00:00] [INF] [60] Emby.Server.Implementations.Session.SessionManager: Current/Max sessions for user "Frossty14th": 1/0
[2026-04-11 08:26:07.948 +00:00] [INF] [60] Emby.Server.Implementations.Session.SessionManager: Creating new access token for user df790c88-d039-4bbe-adbf-965d30230c14
[2026-04-11 08:26:08.073 +00:00] [INF] [63] Emby.Server.Implementations.HttpServer.WebSocketManager: WS "172.20.0.1" request
[2026-04-11 08:26:11.756 +00:00] [WRN] [63] Microsoft.EntityFrameworkCore.Query: The query uses a row limiting operator ('Skip'/'Take') without an 'OrderBy' operator. This may lead to unpredictable results. If the 'Distinct' operator is used after 'OrderBy', then make sure to use the 'OrderBy' operator after 'Distinct' as the ordering would otherwise get erased.
[2026-04-11 08:27:03.671 +00:00] [INF] [60] Emby.Server.Implementations.Session.SessionWebSocketListener: Sending ForceKeepAlive message to 1 inactive WebSockets.
[2026-04-11 08:27:15.679 +00:00] [INF] [63] Emby.Server.Implementations.Session.SessionWebSocketListener: Lost 1 WebSockets.
[2026-04-11 08:38:46.733 +00:00] [WRN] [29] Emby.Server.Implementations.HttpServer.WebSocketConnection: WS "172.20.0.1" error receiving data: "The remote party closed the WebSocket connection without completing the close handshake."
[2026-04-11 08:38:46.747 +00:00] [INF] [29] Emby.Server.Implementations.HttpServer.WebSocketManager: WS "172.20.0.1" closed
[2026-04-11 08:51:42.241 +00:00] [INF] [37] Emby.Server.Implementations.HttpServer.WebSocketManager: WS "172.20.0.1" request
[2026-04-11 08:53:04.027 +00:00] [INF] [37] Emby.Server.Implementations.Session.SessionWebSocketListener: Sending ForceKeepAlive message to 1 inactive WebSockets.
[2026-04-11 08:53:15.682 +00:00] [INF] [41] Emby.Server.Implementations.Session.SessionWebSocketListener: Lost 1 WebSockets.
[2026-04-11 08:55:38.594 +00:00] [WRN] [37] Emby.Server.Implementations.HttpServer.WebSocketConnection: WS "172.20.0.1" error receiving data: "The remote party closed the WebSocket connection without completing the close handshake."
[2026-04-11 08:55:38.603 +00:00] [INF] [37] Emby.Server.Implementations.HttpServer.WebSocketManager: WS "172.20.0.1" closed
[2026-04-11 08:58:39.150 +00:00] [INF] [29] Emby.Server.Implementations.HttpServer.WebSocketManager: WS "172.20.0.1" closed
[2026-04-11 08:58:41.037 +00:00] [INF] [31] Emby.Server.Implementations.HttpServer.WebSocketManager: WS "172.20.0.1" request
[2026-04-11 08:59:32.873 +00:00] [INF] [24] Emby.Server.Implementations.IO.LibraryMonitor: "Big_Buck_Bunny_360_10s_1MB" ("/data/movies/Big_Buck_Bunny_360_10s_1MB.mp4") will be refreshed.
[2026-04-11 09:46:08.128 +00:00] [INF] [89] Emby.Server.Implementations.HttpServer.WebSocketManager: WS "172.20.0.1" closed
[2026-04-11 09:46:08.948 +00:00] [INF] [84] Emby.Server.Implementations.HttpServer.WebSocketManager: WS "172.20.0.1" request
[2026-04-11 09:46:38.587 +00:00] [INF] [87] Emby.Server.Implementations.IO.LibraryMonitor: "movies" ("/data/movies") will be refreshed.
[2026-04-11 09:48:35.443 +00:00] [INF] [82] Emby.Server.Implementations.IO.LibraryMonitor: Stopping directory watching for path "/data/movies"
[2026-04-11 09:48:36.307 +00:00] [WRN] [83] MediaBrowser.Controller.Entities.BaseItem: Library folder "/config/data/playlists" is inaccessible or empty, skipping
[2026-04-11 09:48:36.389 +00:00] [WRN] [83] Microsoft.EntityFrameworkCore.Query: Compiling a query which loads related collections for more than one collection navigation, either via 'Include' or through projection, but no 'QuerySplittingBehavior' has been configured. By default, Entity Framework will use 'QuerySplittingBehavior.SingleQuery', which can potentially result in slow query performance. See https://go.microsoft.com/fwlink/?linkid=2134277 for more information. To identify the query that's triggering this warning call 'ConfigureWarnings(w => w.Throw(RelationalEventId.MultipleCollectionIncludeWarning))'.
[2026-04-11 09:48:37.062 +00:00] [INF] [83] Emby.Server.Implementations.Library.LibraryManager: Validating media library
[2026-04-11 09:48:37.101 +00:00] [WRN] [89] MediaBrowser.Controller.Entities.BaseItem: Library folder "/config/data/playlists" is inaccessible or empty, skipping
[2026-04-11 09:48:37.269 +00:00] [WRN] [89] MediaBrowser.Controller.Entities.BaseItem: Library folder "/config/data/playlists" is inaccessible or empty, skipping
[2026-04-11 09:48:37.332 +00:00] [INF] [83] Emby.Server.Implementations.Library.LibraryManager: Removing item, Type: "Movie", Name: "Big_Buck_Bunny_360_10s_1MB", Path: "/data/movies/Big_Buck_Bunny_360_10s_1MB.mp4", Id: 038772e2-4042-49e2-33ec-cc5bb2e47179
[2026-04-11 09:48:38.463 +00:00] [INF] [89] Emby.Server.Implementations.ScheduledTasks.TaskManager: "Scan Media Library" Completed after 0 minute(s) and 1 seconds
[2026-04-11 09:48:38.511 +00:00] [INF] [52] Emby.Server.Implementations.IO.LibraryMonitor: Watching directory "/data/movies"
[2026-04-11 09:48:42.561 +00:00] [INF] [89] Emby.Server.Implementations.IO.LibraryMonitor: Stopping directory watching for path "/data/movies"
[2026-04-11 09:48:42.564 +00:00] [INF] [89] Emby.Server.Implementations.Library.LibraryManager: Validating media library
[2026-04-11 09:48:42.571 +00:00] [WRN] [89] MediaBrowser.Controller.Entities.BaseItem: Library folder "/config/data/playlists" is inaccessible or empty, skipping
[2026-04-11 09:48:42.970 +00:00] [WRN] [52] MediaBrowser.Controller.Entities.BaseItem: Library folder "/config/data/playlists" is inaccessible or empty, skipping
[2026-04-11 09:48:43.002 +00:00] [INF] [52] Emby.Server.Implementations.ScheduledTasks.TaskManager: "Scan Media Library" Completed after 0 minute(s) and 0 seconds
[2026-04-11 09:48:43.067 +00:00] [INF] [89] Emby.Server.Implementations.IO.LibraryMonitor: Watching directory "/data/movies"
[2026-04-11 09:50:03.012 +00:00] [INF] [84] Emby.Server.Implementations.HttpServer.WebSocketManager: WS "172.20.0.1" closed
[2026-04-11 09:50:03.801 +00:00] [INF] [85] Emby.Server.Implementations.HttpServer.WebSocketManager: WS "172.20.0.1" request
